2024-03-08T10:14:56.630Z error: Error fetching previous day data:
2024-03-08T10:14:56.632Z error: Error fetching previous day data:
2024-03-08T10:18:19.418Z error: Error fetching previous day data:
2024-03-08T10:18:19.420Z error: Error fetching previous day data:
2024-03-08T10:19:18.361Z error: Error fetching previous day data:
2024-03-08T10:19:18.363Z error: Error fetching previous day data:
2024-03-08T10:24:18.306Z error: Error fetching previous day data:
2024-03-08T10:24:18.307Z error: Error fetching previous day data:
2024-03-08T10:29:18.326Z error: Error fetching previous day data:
2024-03-08T10:29:18.327Z error: Error fetching previous day data:
2024-03-08T10:34:18.329Z error: Error fetching previous day data:
2024-03-08T10:34:18.330Z error: Error fetching previous day data:
2024-03-08T10:39:18.336Z error: Error fetching previous day data:
2024-03-08T10:39:18.337Z error: Error fetching previous day data:
2024-03-08T10:44:18.342Z error: Error fetching previous day data:
2024-03-08T10:44:18.343Z error: Error fetching previous day data:
2024-03-08T10:49:18.356Z error: Error fetching previous day data:
2024-03-08T10:49:18.357Z error: Error fetching previous day data:
2024-03-08T10:54:18.372Z error: Error fetching previous day data:
2024-03-08T10:54:18.374Z error: Error fetching previous day data:
2024-03-08T10:59:18.390Z error: Error fetching previous day data:
2024-03-08T10:59:18.391Z error: Error fetching previous day data:
2024-03-08T11:04:18.401Z error: Error fetching previous day data:
2024-03-08T11:04:18.402Z error: Error fetching previous day data:
2024-03-08T11:09:18.408Z error: Error fetching previous day data:
2024-03-08T11:09:18.409Z error: Error fetching previous day data:
2024-03-08T11:14:18.411Z error: Error fetching previous day data:
2024-03-08T11:14:18.412Z error: Error fetching previous day data:
2024-03-08T12:13:15.953Z error: Error fetching previous day data: The property 'options.family' must be one of: 0, 4, 6. Received false
2024-03-08T12:16:22.634Z error: Error fetching previous day data: The property 'options.family' must be one of: 0, 4, 6. Received false
2024-03-08T12:18:47.263Z error: Error fetching previous day data: signedRequest: Invalid API Key!
2024-03-08T12:19:17.849Z error: Error fetching previous day data: signedRequest: Invalid API Key!
2024-03-08T12:24:18.302Z error: Error fetching previous day data: signedRequest: Invalid API Key!
2024-03-08T12:29:18.254Z error: Error fetching previous day data: getaddrinfo ENOTFOUND api.binance.com
2024-03-08T12:30:52.996Z error: Error fetching previous day data: signedRequest: Invalid API Key!
2024-03-08T12:35:53.530Z error: Error fetching previous day data: signedRequest: Invalid API Key!
2024-03-08T12:40:54.442Z error: Error fetching previous day data: signedRequest: Invalid API Key!
2024-03-08T12:45:46.092Z error: Error fetching previous day data: signedRequest: Invalid API Key!
2024-03-08T12:48:44.107Z error: Error fetching previous day data: signedRequest: Invalid API Key!
2024-03-08T12:49:17.117Z error: Error fetching previous day data: signedRequest: Invalid API Key!
2024-03-08T12:50:24.499Z error: Error buying:
2024-03-08T12:55:24.968Z error: Error buying:
2024-03-08T13:00:24.291Z error: Error fetching previous day data: getaddrinfo ENOTFOUND api.binance.com
2024-03-08T13:05:24.296Z error: Error fetching previous day data: getaddrinfo ENOTFOUND api.binance.com
2024-03-08T13:10:24.305Z error: Error fetching previous day data: getaddrinfo ENOTFOUND api.binance.com
2024-03-08T13:15:24.323Z error: Error fetching previous day data: getaddrinfo ENOTFOUND api.binance.com
2024-03-08T13:20:24.335Z error: Error fetching previous day data: getaddrinfo ENOTFOUND api.binance.com
2024-03-08T13:25:24.339Z error: Error fetching previous day data: getaddrinfo ENOTFOUND api.binance.com
2024-03-08T13:30:24.354Z error: Error fetching previous day data: getaddrinfo ENOTFOUND api.binance.com
2024-03-08T13:35:24.360Z error: Error fetching previous day data: getaddrinfo ENOTFOUND api.binance.com
2024-03-08T13:40:24.384Z error: Error fetching previous day data: getaddrinfo ENOTFOUND api.binance.com
2024-03-08T13:45:24.399Z error: Error fetching previous day data: getaddrinfo ENOTFOUND api.binance.com
2024-03-08T13:50:24.414Z error: Error fetching previous day data: getaddrinfo ENOTFOUND api.binance.com
2024-03-08T13:55:24.434Z error: Error fetching previous day data: getaddrinfo ENOTFOUND api.binance.com
2024-03-08T14:00:24.450Z error: Error fetching previous day data: getaddrinfo ENOTFOUND api.binance.com
2024-03-08T14:05:24.466Z error: Error fetching previous day data: getaddrinfo ENOTFOUND api.binance.com
2024-03-08T14:10:24.477Z error: Error fetching previous day data: getaddrinfo ENOTFOUND api.binance.com
2024-03-08T14:15:24.490Z error: Error fetching previous day data: getaddrinfo ENOTFOUND api.binance.com
2024-03-08T14:20:24.499Z error: Error fetching previous day data: getaddrinfo ENOTFOUND api.binance.com
2024-03-08T14:25:24.502Z error: Error fetching previous day data: getaddrinfo ENOTFOUND api.binance.com
2024-03-08T14:30:24.525Z error: Error fetching previous day data: getaddrinfo ENOTFOUND api.binance.com
2024-03-08T14:35:24.544Z error: Error fetching previous day data: getaddrinfo ENOTFOUND api.binance.com
2024-03-08T14:40:24.547Z error: Error fetching previous day data: getaddrinfo ENOTFOUND api.binance.com
2024-03-08T14:45:24.563Z error: Error fetching previous day data: getaddrinfo ENOTFOUND api.binance.com
2024-03-08T14:50:24.572Z error: Error fetching previous day data: getaddrinfo ENOTFOUND api.binance.com
2024-03-08T14:55:24.593Z error: Error fetching previous day data: getaddrinfo ENOTFOUND api.binance.com
2024-03-08T15:00:24.605Z error: Error fetching previous day data: getaddrinfo ENOTFOUND api.binance.com
2024-03-08T15:05:24.612Z error: Error fetching previous day data: getaddrinfo ENOTFOUND api.binance.com
2024-03-08T15:10:24.619Z error: Error fetching previous day data: getaddrinfo ENOTFOUND api.binance.com
2024-03-08T15:15:24.631Z error: Error fetching previous day data: getaddrinfo ENOTFOUND api.binance.com
2024-03-08T15:20:24.666Z error: Error fetching previous day data: getaddrinfo ENOTFOUND api.binance.com
2024-03-08T15:25:24.692Z error: Error fetching previous day data: getaddrinfo ENOTFOUND api.binance.com
2024-03-08T15:30:24.721Z error: Error fetching previous day data: getaddrinfo ENOTFOUND api.binance.com
2024-03-08T15:35:24.738Z error: Error fetching previous day data: getaddrinfo ENOTFOUND api.binance.com
2024-03-08T15:40:24.756Z error: Error fetching previous day data: getaddrinfo ENOTFOUND api.binance.com
2024-03-08T15:45:24.781Z error: Error fetching previous day data: getaddrinfo ENOTFOUND api.binance.com
2024-03-08T15:50:24.827Z error: Error fetching previous day data: getaddrinfo ENOTFOUND api.binance.com
2024-03-08T15:55:24.843Z error: Error fetching previous day data: getaddrinfo ENOTFOUND api.binance.com
2024-03-08T16:00:24.859Z error: Error fetching previous day data: getaddrinfo ENOTFOUND api.binance.com
2024-03-08T16:05:24.882Z error: Error fetching previous day data: getaddrinfo ENOTFOUND api.binance.com
2024-03-08T16:10:24.901Z error: Error fetching previous day data: getaddrinfo ENOTFOUND api.binance.com
2024-03-08T16:15:24.909Z error: Error fetching previous day data: getaddrinfo ENOTFOUND api.binance.com
2024-03-08T16:20:24.942Z error: Error fetching previous day data: getaddrinfo ENOTFOUND api.binance.com
2024-03-08T16:25:24.960Z error: Error fetching previous day data: getaddrinfo ENOTFOUND api.binance.com
2024-03-08T16:30:24.975Z error: Error fetching previous day data: getaddrinfo ENOTFOUND api.binance.com
2024-03-08T16:35:24.989Z error: Error fetching previous day data: getaddrinfo ENOTFOUND api.binance.com
2024-03-08T16:40:24.931Z error: Error fetching previous day data: getaddrinfo ENOTFOUND api.binance.com
2024-03-08T16:42:45.926Z error: Error buying:
